<?xml version="1.0" encoding="UTF-8"?>
<testsuite xmlns:xsi="http://www.w3.org/2001/XMLSchema-instance" xsi:noNamespaceSchemaLocation="https://maven.apache.org/surefire/maven-surefire-plugin/xsd/surefire-test-report.xsd" version="3.0.2" name="com.kacper.campaign_manager.CampaignManagerApplicationTests" time="3.97" tests="1" errors="0" skipped="0" failures="0">
  <properties>
[...]
</properties>
  <testcase name="contextLoads" classname="com.kacper.campaign_manager.CampaignManagerApplicationTests" time="0.427">
    <system-out><![CDATA[16:50:19.626 [main] INFO org.springframework.test.context.support.AnnotationConfigContextLoaderUtils -- Could not detect default configuration classes for test class [com.kacper.campaign_manager.CampaignManagerApplicationTests]: CampaignManagerApplicationTests does not declare any static, non-private, non-final, nested classes annotated with @Configuration.
16:50:19.737 [main] INFO org.springframework.boot.test.context.SpringBootTestContextBootstrapper -- Found @SpringBootConfiguration com.kacper.campaign_manager.CampaignManagerApplication for test class com.kacper.campaign_manager.CampaignManagerApplicationTests

  .   ____          _            __ _ _
 /\\ / ___'_ __ _ _(_)_ __  __ _ \ \ \ \
( ( )\___ | '_ | '_| | '_ \/ _` | \ \ \ \
 \\/  ___)| |_)| | | | | || (_| |  ) ) ) )
  '  |____| .__|_| |_|_| |_\__, | / / / /
 =========|_|==============|___/=/_/_/_/

 :: Spring Boot ::                (v3.5.0)

2025-05-28T16:50:20.296+02:00  INFO 4396 --- [campaign-manager] [           main] c.k.c.CampaignManagerApplicationTests    : Starting CampaignManagerApplicationTests using Java 22.0.2 with PID 4396 (started by Kacper in C:\Users\Kacper\Desktop\programming\projects\campaign-manager)
2025-05-28T16:50:20.297+02:00  INFO 4396 --- [campaign-manager] [           main] c.k.c.CampaignManagerApplicationTests    : No active profile set, falling back to 1 default profile: "default"
2025-05-28T16:50:20.963+02:00  INFO 4396 --- [campaign-manager] [           main] .s.d.r.c.RepositoryConfigurationDelegate : Bootstrapping Spring Data JPA repositories in DEFAULT mode.
2025-05-28T16:50:20.994+02:00  INFO 4396 --- [campaign-manager] [           main] .s.d.r.c.RepositoryConfigurationDelegate : Finished Spring Data repository scanning in 14 ms. Found 0 JPA repository interfaces.
2025-05-28T16:50:21.354+02:00  INFO 4396 --- [campaign-manager] [           main] com.zaxxer.hikari.HikariDataSource       : HikariPool-1 - Starting...
2025-05-28T16:50:21.573+02:00  INFO 4396 --- [campaign-manager] [           main] com.zaxxer.hikari.pool.HikariPool        : HikariPool-1 - Added connection conn0: url=jdbc:h2:mem:5b9c272c-9dd3-4fed-b9ef-5f96ec1ce8b3 user=SA
2025-05-28T16:50:21.576+02:00  INFO 4396 --- [campaign-manager] [           main] com.zaxxer.hikari.HikariDataSource       : HikariPool-1 - Start completed.
2025-05-28T16:50:21.624+02:00  INFO 4396 --- [campaign-manager] [           main] o.hibernate.jpa.internal.util.LogHelper  : HHH000204: Processing PersistenceUnitInfo [name: default]
2025-05-28T16:50:21.696+02:00  INFO 4396 --- [campaign-manager] [           main] org.hibernate.Version                    : HHH000412: Hibernate ORM core version 6.6.15.Final
2025-05-28T16:50:21.737+02:00  INFO 4396 --- [campaign-manager] [           main] o.h.c.internal.RegionFactoryInitiator    : HHH000026: Second-level cache disabled
2025-05-28T16:50:22.055+02:00  INFO 4396 --- [campaign-manager] [           main] o.s.o.j.p.SpringPersistenceUnitInfo      : No LoadTimeWeaver setup: ignoring JPA class transformer
2025-05-28T16:50:22.142+02:00  INFO 4396 --- [campaign-manager] [           main] org.hibernate.orm.connections.pooling    : HHH10001005: Database info:
	Database JDBC URL [Connecting through datasource 'HikariDataSource (HikariPool-1)']
	Database driver: undefined/unknown
	Database version: 2.3.232
	Autocommit mode: undefined/unknown
	Isolation level: undefined/unknown
	Minimum pool size: undefined/unknown
	Maximum pool size: undefined/unknown
2025-05-28T16:50:22.441+02:00  INFO 4396 --- [campaign-manager] [           main] o.h.e.t.j.p.i.JtaPlatformInitiator       : HHH000489: No JTA platform available (set 'hibernate.transaction.jta.platform' to enable JTA platform integration)
2025-05-28T16:50:22.446+02:00  INFO 4396 --- [campaign-manager] [           main] j.LocalContainerEntityManagerFactoryBean : Initialized JPA EntityManagerFactory for persistence unit 'default'
2025-05-28T16:50:22.586+02:00  WARN 4396 --- [campaign-manager] [           main] JpaBaseConfiguration$JpaWebConfiguration : spring.jpa.open-in-view is enabled by default. Therefore, database queries may be performed during view rendering. Explicitly configure spring.jpa.open-in-view to disable this warning
2025-05-28T16:50:23.005+02:00  INFO 4396 --- [campaign-manager] [           main] c.k.c.CampaignManagerApplicationTests    : Started CampaignManagerApplicationTests in 3.094 seconds (process running for 4.069)
]]></system-out>
    <system-err><![CDATA[Mockito is currently self-attaching to enable the inline-mock-maker. This will no longer work in future releases of the JDK. Please add Mockito as an agent to your build as described in Mockito's documentation: https://javadoc.io/doc/org.mockito/mockito-core/latest/org.mockito/org/mockito/Mockito.html#0.3
WARNING: A Java agent has been loaded dynamically (C:\Users\Kacper\.m2\repository\net\bytebuddy\byte-buddy-agent\1.17.5\byte-buddy-agent-1.17.5.jar)
WARNING: If a serviceability tool is in use, please run with -XX:+EnableDynamicAgentLoading to hide this warning
WARNING: If a serviceability tool is not in use, please run with -Djdk.instrument.traceUsage for more information
WARNING: Dynamic loading of agents will be disallowed by default in a future release
]]></system-err>
  </testcase>
</testsuite>